  AIBehaviours.cpp
d:\josh\documents\coding\c++\projects\shadow realm\shadowrealmgame\projectjormag\gameobject.h(6): fatal error C1083: Cannot open include file: 'SDL.h': No such file or directory
  AnimatedTexture.cpp
d:\josh\documents\coding\c++\projects\shadow realm\shadowrealmgame\projectjormag\gameobject.h(6): fatal error C1083: Cannot open include file: 'SDL.h': No such file or directory
  AudioManager.cpp
d:\josh\documents\coding\c++\projects\shadow realm\shadowrealmgame\projectjormag\resourcemanager.h(8): fatal error C1083: Cannot open include file: 'SDL_mixer.h': No such file or directory
  Camera.cpp
d:\josh\documents\coding\c++\projects\shadow realm\shadowrealmgame\projectjormag\gameobject.h(6): fatal error C1083: Cannot open include file: 'SDL.h': No such file or directory
  CollisionManager.cpp
d:\josh\documents\coding\c++\projects\shadow realm\shadowrealmgame\projectjormag\gameobject.h(6): fatal error C1083: Cannot open include file: 'SDL.h': No such file or directory
  EngineManager.cpp
d:\josh\documents\coding\c++\projects\shadow realm\shadowrealmgame\projectjormag\inputmanager.h(6): fatal error C1083: Cannot open include file: 'SDL.h': No such file or directory
  GameEndScreen.cpp
d:\josh\documents\coding\c++\projects\shadow realm\shadowrealmgame\projectjormag\gameobject.h(6): fatal error C1083: Cannot open include file: 'SDL.h': No such file or directory
  GameEntity.cpp
d:\josh\documents\coding\c++\projects\shadow realm\shadowrealmgame\projectjormag\gameobject.h(6): fatal error C1083: Cannot open include file: 'SDL.h': No such file or directory
  GameLossScreen.cpp
d:\josh\documents\coding\c++\projects\shadow realm\shadowrealmgame\projectjormag\gameobject.h(6): fatal error C1083: Cannot open include file: 'SDL.h': No such file or directory
  GameManager.cpp
d:\josh\documents\coding\c++\projects\shadow realm\shadowrealmgame\projectjormag\gameobject.h(6): fatal error C1083: Cannot open include file: 'SDL.h': No such file or directory
  GameObject.cpp
d:\josh\documents\coding\c++\projects\shadow realm\shadowrealmgame\projectjormag\gameobject.h(6): fatal error C1083: Cannot open include file: 'SDL.h': No such file or directory
  GameWinScreen.cpp
d:\josh\documents\coding\c++\projects\shadow realm\shadowrealmgame\projectjormag\gameobject.h(6): fatal error C1083: Cannot open include file: 'SDL.h': No such file or directory
  Graphics.cpp
d:\josh\documents\coding\c++\projects\shadow realm\shadowrealmgame\projectjormag\graphics.h(8): fatal error C1083: Cannot open include file: 'SDL.h': No such file or directory
  GUIButton.cpp
d:\josh\documents\coding\c++\projects\shadow realm\shadowrealmgame\projectjormag\resourcemanager.h(8): fatal error C1083: Cannot open include file: 'SDL_mixer.h': No such file or directory
  GUIObject.cpp
d:\josh\documents\coding\c++\projects\shadow realm\shadowrealmgame\projectjormag\resourcemanager.h(8): fatal error C1083: Cannot open include file: 'SDL_mixer.h': No such file or directory
  GUISlider.cpp
d:\josh\documents\coding\c++\projects\shadow realm\shadowrealmgame\projectjormag\resourcemanager.h(8): fatal error C1083: Cannot open include file: 'SDL_mixer.h': No such file or directory
  InputManager.cpp
d:\josh\documents\coding\c++\projects\shadow realm\shadowrealmgame\projectjormag\inputmanager.h(6): fatal error C1083: Cannot open include file: 'SDL.h': No such file or directory
  Koopa.cpp
d:\josh\documents\coding\c++\projects\shadow realm\shadowrealmgame\projectjormag\gameobject.h(6): fatal error C1083: Cannot open include file: 'SDL.h': No such file or directory
  Level.cpp
d:\josh\documents\coding\c++\projects\shadow realm\shadowrealmgame\projectjormag\gameobject.h(6): fatal error C1083: Cannot open include file: 'SDL.h': No such file or directory
  LevelManager.cpp
d:\josh\documents\coding\c++\projects\shadow realm\shadowrealmgame\projectjormag\gameobject.h(6): fatal error C1083: Cannot open include file: 'SDL.h': No such file or directory
  Generating Code...
  Compiling...
  Main.cpp
d:\josh\documents\coding\c++\projects\shadow realm\shadowrealmgame\projectjormag\gameobject.h(6): fatal error C1083: Cannot open include file: 'SDL.h': No such file or directory
  MainMenu.cpp
d:\josh\documents\coding\c++\projects\shadow realm\shadowrealmgame\projectjormag\gameobject.h(6): fatal error C1083: Cannot open include file: 'SDL.h': No such file or directory
  MarioManager.cpp
d:\josh\documents\coding\c++\projects\shadow realm\shadowrealmgame\projectjormag\gameobject.h(6): fatal error C1083: Cannot open include file: 'SDL.h': No such file or directory
  MenuManager.cpp
d:\josh\documents\coding\c++\projects\shadow realm\shadowrealmgame\projectjormag\gameobject.h(6): fatal error C1083: Cannot open include file: 'SDL.h': No such file or directory
  Player.cpp
d:\josh\documents\coding\c++\projects\shadow realm\shadowrealmgame\projectjormag\gameobject.h(6): fatal error C1083: Cannot open include file: 'SDL.h': No such file or directory
  POWBlock.cpp
d:\josh\documents\coding\c++\projects\shadow realm\shadowrealmgame\projectjormag\gameobject.h(6): fatal error C1083: Cannot open include file: 'SDL.h': No such file or directory
  ResourceManager.cpp
d:\josh\documents\coding\c++\projects\shadow realm\shadowrealmgame\projectjormag\resourcemanager.h(8): fatal error C1083: Cannot open include file: 'SDL_mixer.h': No such file or directory
  Scripts.cpp
d:\josh\documents\coding\c++\projects\shadow realm\shadowrealmgame\projectjormag\gameobject.h(6): fatal error C1083: Cannot open include file: 'SDL.h': No such file or directory
  SettingsManager.cpp
d:\josh\documents\coding\c++\projects\shadow realm\shadowrealmgame\projectjormag\resourcemanager.h(8): fatal error C1083: Cannot open include file: 'SDL_mixer.h': No such file or directory
  Shadow.cpp
d:\josh\documents\coding\c++\projects\shadow realm\shadowrealmgame\projectjormag\gameobject.h(6): fatal error C1083: Cannot open include file: 'SDL.h': No such file or directory
  Texture.cpp
d:\josh\documents\coding\c++\projects\shadow realm\shadowrealmgame\projectjormag\gameobject.h(6): fatal error C1083: Cannot open include file: 'SDL.h': No such file or directory
  TitleScreen.cpp
d:\josh\documents\coding\c++\projects\shadow realm\shadowrealmgame\projectjormag\gameobject.h(6): fatal error C1083: Cannot open include file: 'SDL.h': No such file or directory
  Generating Code...
