d:\josh\documents\coding\c++\projects\shadow realm\shadowrealmgame\projectjormag\debug\vc141.pdb
d:\josh\documents\coding\c++\projects\shadow realm\shadowrealmgame\projectjormag\debug\vc141.idb
d:\josh\documents\coding\c++\projects\shadow realm\shadowrealmgame\projectjormag\debug\mainmenu.obj
d:\josh\documents\coding\c++\projects\shadow realm\shadowrealmgame\projectjormag\debug\main.obj
d:\josh\documents\coding\c++\projects\shadow realm\shadowrealmgame\projectjormag\debug\levelmanager.obj
d:\josh\documents\coding\c++\projects\shadow realm\shadowrealmgame\projectjormag\debug\level.obj
d:\josh\documents\coding\c++\projects\shadow realm\shadowrealmgame\projectjormag\debug\inputmanager.obj
d:\josh\documents\coding\c++\projects\shadow realm\shadowrealmgame\projectjormag\debug\guiobject.obj
d:\josh\documents\coding\c++\projects\shadow realm\shadowrealmgame\projectjormag\debug\guibutton.obj
d:\josh\documents\coding\c++\projects\shadow realm\shadowrealmgame\projectjormag\debug\graphics.obj
d:\josh\documents\coding\c++\projects\shadow realm\shadowrealmgame\projectjormag\debug\gamewinscreen.obj
d:\josh\documents\coding\c++\projects\shadow realm\shadowrealmgame\projectjormag\debug\gameobject.obj
d:\josh\documents\coding\c++\projects\shadow realm\shadowrealmgame\projectjormag\debug\gamemanager.obj
d:\josh\documents\coding\c++\projects\shadow realm\shadowrealmgame\projectjormag\debug\gamelossscreen.obj
d:\josh\documents\coding\c++\projects\shadow realm\shadowrealmgame\projectjormag\debug\gameentity.obj
d:\josh\documents\coding\c++\projects\shadow realm\shadowrealmgame\projectjormag\debug\gameendscreen.obj
d:\josh\documents\coding\c++\projects\shadow realm\shadowrealmgame\projectjormag\debug\enginemanager.obj
d:\josh\documents\coding\c++\projects\shadow realm\shadowrealmgame\projectjormag\debug\collisionmanager.obj
d:\josh\documents\coding\c++\projects\shadow realm\shadowrealmgame\projectjormag\debug\camera.obj
d:\josh\documents\coding\c++\projects\shadow realm\shadowrealmgame\projectjormag\debug\audiomanager.obj
d:\josh\documents\coding\c++\projects\shadow realm\shadowrealmgame\projectjormag\debug\animatedtexture.obj
d:\josh\documents\coding\c++\projects\shadow realm\shadowrealmgame\projectjormag\debug\aibehaviours.obj
d:\josh\documents\coding\c++\projects\shadow realm\shadowrealmgame\projectjormag\debug\titlescreen.obj
d:\josh\documents\coding\c++\projects\shadow realm\shadowrealmgame\projectjormag\debug\texture.obj
d:\josh\documents\coding\c++\projects\shadow realm\shadowrealmgame\projectjormag\debug\shadow.obj
d:\josh\documents\coding\c++\projects\shadow realm\shadowrealmgame\projectjormag\debug\settingsmanager.obj
d:\josh\documents\coding\c++\projects\shadow realm\shadowrealmgame\projectjormag\debug\scripts.obj
d:\josh\documents\coding\c++\projects\shadow realm\shadowrealmgame\projectjormag\debug\resourcemanager.obj
d:\josh\documents\coding\c++\projects\shadow realm\shadowrealmgame\projectjormag\debug\player.obj
d:\josh\documents\coding\c++\projects\shadow realm\shadowrealmgame\projectjormag\debug\menumanager.obj
d:\josh\documents\coding\c++\projects\shadow realm\shadowrealmgame\projectjormag\debug\guislider.obj
d:\josh\documents\coding\c++\projects\shadow realm\shadowrealmgame\projectjormag\debug\mariomanager.obj
d:\josh\documents\coding\c++\projects\shadow realm\shadowrealmgame\projectjormag\debug\character.obj
d:\josh\documents\coding\c++\projects\shadow realm\shadowrealmgame\projectjormag\debug\powblock.obj
d:\josh\documents\coding\c++\projects\shadow realm\shadowrealmgame\projectjormag\debug\koopa.obj
d:\josh\documents\coding\c++\projects\shadow realm\shadowrealmgame\debug\projectjormag.exe
d:\josh\documents\coding\c++\projects\shadow realm\shadowrealmgame\debug\projectjormag.ilk
d:\josh\documents\coding\c++\projects\shadow realm\shadowrealmgame\debug\projectjormag.pdb
d:\josh\documents\coding\c++\projects\shadow realm\shadowrealmgame\projectjormag\debug\gamemanager.obj.enc
d:\josh\documents\coding\c++\projects\shadow realm\shadowrealmgame\projectjormag\debug\level.obj.enc
d:\josh\documents\coding\c++\projects\shadow realm\shadowrealmgame\projectjormag\debug\mariomanager.obj.enc
d:\josh\documents\coding\c++\projects\shadow realm\shadowrealmgame\projectjormag\debug\projectjormag.tlog\cl.command.1.tlog
d:\josh\documents\coding\c++\projects\shadow realm\shadowrealmgame\projectjormag\debug\projectjormag.tlog\cl.read.1.tlog
d:\josh\documents\coding\c++\projects\shadow realm\shadowrealmgame\projectjormag\debug\projectjormag.tlog\cl.write.1.tlog
d:\josh\documents\coding\c++\projects\shadow realm\shadowrealmgame\projectjormag\debug\projectjormag.tlog\link.command.1.tlog
d:\josh\documents\coding\c++\projects\shadow realm\shadowrealmgame\projectjormag\debug\projectjormag.tlog\link.read.1.tlog
d:\josh\documents\coding\c++\projects\shadow realm\shadowrealmgame\projectjormag\debug\projectjormag.tlog\link.write.1.tlog
